<?xml version="1.0" encoding="UTF-8"?>
<testng-results skipped="0" failed="0" ignored="0" total="1" passed="1">
  <reporter-output>
  </reporter-output>
  <suite name="nopCommerce Suite" duration-ms="33512" started-at="2019-03-20T23:21:50Z" finished-at="2019-03-20T23:22:24Z">
    <groups>
    </groups>
    <test name="nopCommerce Test1" duration-ms="33512" started-at="2019-03-20T23:21:50Z" finished-at="2019-03-20T23:22:24Z">
      <class name="nopcommerce_V1_maven.testCases.TC_AddCustomerTest_003">
        <test-method status="PASS" signature="setup(java.lang.String)[pri:0, instance:nopcommerce_V1_maven.testCases.TC_AddCustomerTest_003@36d64342]" name="setup" is-config="true" duration-ms="4721" started-at="2019-03-20T23:21:51Z" finished-at="2019-03-20T23:21:55Z">
          <params>
            <param index="0">
              <value>
                <![CDATA[firefox]]>
              </value>
            </param>
          </params>
          <reporter-output>
          </reporter-output>
        </test-method> <!-- setup -->
        <test-method status="PASS" signature="addNewCustomer()[pri:0, instance:nopcommerce_V1_maven.testCases.TC_AddCustomerTest_003@36d64342]" name="addNewCustomer" duration-ms="28556" started-at="2019-03-20T23:21:55Z" finished-at="2019-03-20T23:22:24Z">
          <reporter-output>
          </reporter-output>
        </test-method> <!-- addNewCustomer -->
      </class> <!-- nopcommerce_V1_maven.testCases.TC_AddCustomerTest_003 -->
    </test> <!-- nopCommerce Test1 -->
  </suite> <!-- nopCommerce Suite -->
</testng-results>
