<?xml version="1.0" encoding="UTF-8"?>
<testng-results skipped="0" failed="0" ignored="0" total="2" passed="2">
  <reporter-output>
  </reporter-output>
  <suite name="nopCommerce Suite" duration-ms="55652" started-at="2019-07-23T22:46:05Z" finished-at="2019-07-23T22:47:01Z">
    <groups>
    </groups>
    <test name="nopCommerce Test1" duration-ms="55652" started-at="2019-07-23T22:46:05Z" finished-at="2019-07-23T22:47:01Z">
      <class name="nopcommerce_V1_maven.testCases.TC_Catalogue_Test">
        <test-method status="PASS" signature="setup(java.lang.String)[pri:0, instance:nopcommerce_V1_maven.testCases.TC_Catalogue_Test@5622fdf]" name="setup" is-config="true" duration-ms="4433" started-at="2019-07-23T22:46:05Z" finished-at="2019-07-23T22:46:10Z">
          <params>
            <param index="0">
              <value>
                <![CDATA[chrome]]>
              </value>
            </param>
          </params>
          <reporter-output>
          </reporter-output>
        </test-method> <!-- setup -->
        <test-method status="PASS" signature="loginTest()[pri:1, instance:nopcommerce_V1_maven.testCases.TC_Catalogue_Test@5622fdf]" name="loginTest" duration-ms="46181" started-at="2019-07-23T22:46:10Z" finished-at="2019-07-23T22:46:56Z">
          <reporter-output>
          </reporter-output>
        </test-method> <!-- loginTest -->
        <test-method status="PASS" signature="catalogueProductPage()[pri:2, instance:nopcommerce_V1_maven.testCases.TC_Catalogue_Test@5622fdf]" name="catalogueProductPage" duration-ms="4768" started-at="2019-07-23T22:46:56Z" finished-at="2019-07-23T22:47:01Z">
          <reporter-output>
          </reporter-output>
        </test-method> <!-- catalogueProductPage -->
      </class> <!-- nopcommerce_V1_maven.testCases.TC_Catalogue_Test -->
    </test> <!-- nopCommerce Test1 -->
  </suite> <!-- nopCommerce Suite -->
</testng-results>
