<?xml version="1.0" encoding="UTF-8"?>
<!-- Generated by org.testng.reporters.JUnitXMLReporter -->
<testsuite hostname="DESKTOP-P12432T" ignored="0" name="nopCommerce Test1" tests="2" failures="0" timestamp="23 Jul 2019 22:47:01 GMT" time="55.652" errors="0">
  <testcase name="loginTest" time="46.181" classname="nopcommerce_V1_maven.testCases.TC_Catalogue_Test"/>
  <testcase name="catalogueProductPage" time="4.768" classname="nopcommerce_V1_maven.testCases.TC_Catalogue_Test"/>
</testsuite> <!-- nopCommerce Test1 -->
